0 info it worked if it ends with ok
1 verbose cli [ 'C:\\Program Files (x86)\\nodejs\\\\node.exe',
1 verbose cli   'C:\\Program Files (x86)\\nodejs\\node_modules\\npm\\bin\\npm-cli.js',
1 verbose cli   'install',
1 verbose cli   'phpmyadmin',
1 verbose cli   'php-mbstring',
1 verbose cli   'php-gettext' ]
2 info using npm@2.7.4
3 info using node@v0.12.2
4 verbose node symlink C:\Program Files (x86)\nodejs\\node.exe
5 silly cache add args [ 'phpmyadmin', null ]
6 verbose cache add spec phpmyadmin
7 silly cache add args [ 'php-mbstring', null ]
8 verbose cache add spec php-mbstring
9 silly cache add args [ 'php-gettext', null ]
10 verbose cache add spec php-gettext
11 silly cache add parsed spec { raw: 'php-mbstring',
11 silly cache add   scope: null,
11 silly cache add   name: 'php-mbstring',
11 silly cache add   rawSpec: '',
11 silly cache add   spec: '*',
11 silly cache add   type: 'range' }
12 verbose addNamed php-mbstring@*
13 silly addNamed semver.valid null
14 silly addNamed semver.validRange *
15 silly addNameRange { name: 'php-mbstring', range: '*', hasData: false }
16 silly mapToRegistry name php-mbstring
17 silly mapToRegistry using default registry
18 silly mapToRegistry registry https://registry.npmjs.org/
19 silly mapToRegistry uri https://registry.npmjs.org/php-mbstring
20 verbose addNameRange registry:https://registry.npmjs.org/php-mbstring not in flight; fetching
21 silly cache add parsed spec { raw: 'php-gettext',
21 silly cache add   scope: null,
21 silly cache add   name: 'php-gettext',
21 silly cache add   rawSpec: '',
21 silly cache add   spec: '*',
21 silly cache add   type: 'range' }
22 verbose addNamed php-gettext@*
23 silly addNamed semver.valid null
24 silly addNamed semver.validRange *
25 silly addNameRange { name: 'php-gettext', range: '*', hasData: false }
26 silly mapToRegistry name php-gettext
27 silly mapToRegistry using default registry
28 silly mapToRegistry registry https://registry.npmjs.org/
29 silly mapToRegistry uri https://registry.npmjs.org/php-gettext
30 verbose addNameRange registry:https://registry.npmjs.org/php-gettext not in flight; fetching
31 silly cache add parsed spec { raw: 'phpmyadmin',
31 silly cache add   scope: null,
31 silly cache add   name: 'phpmyadmin',
31 silly cache add   rawSpec: '',
31 silly cache add   spec: '*',
31 silly cache add   type: 'range' }
32 verbose addNamed phpmyadmin@*
33 silly addNamed semver.valid null
34 silly addNamed semver.validRange *
35 silly addNameRange { name: 'phpmyadmin', range: '*', hasData: false }
36 silly mapToRegistry name phpmyadmin
37 silly mapToRegistry using default registry
38 silly mapToRegistry registry https://registry.npmjs.org/
39 silly mapToRegistry uri https://registry.npmjs.org/phpmyadmin
40 verbose addNameRange registry:https://registry.npmjs.org/phpmyadmin not in flight; fetching
41 verbose request uri https://registry.npmjs.org/php-mbstring
42 verbose request no auth needed
43 info attempt registry request try #1 at 3:56:30 PM
44 verbose request id 34a1092b9df599cc
45 http request GET https://registry.npmjs.org/php-mbstring
46 verbose request uri https://registry.npmjs.org/php-gettext
47 verbose request no auth needed
48 info attempt registry request try #1 at 3:56:30 PM
49 http request GET https://registry.npmjs.org/php-gettext
50 verbose request uri https://registry.npmjs.org/phpmyadmin
51 verbose request no auth needed
52 info attempt registry request try #1 at 3:56:30 PM
53 http request GET https://registry.npmjs.org/phpmyadmin
54 http 404 https://registry.npmjs.org/php-gettext
55 verbose headers { 'content-type': 'application/json',
55 verbose headers   'cache-control': 'max-age=0',
55 verbose headers   'content-length': '2',
55 verbose headers   'accept-ranges': 'bytes',
55 verbose headers   date: 'Fri, 25 Aug 2017 22:56:17 GMT',
55 verbose headers   via: '1.1 varnish',
55 verbose headers   age: '0',
55 verbose headers   connection: 'keep-alive',
55 verbose headers   'x-served-by': 'cache-lax8640-LAX',
55 verbose headers   'x-cache': 'MISS',
55 verbose headers   'x-cache-hits': '0',
55 verbose headers   'x-timer': 'S1503701777.275960,VS0,VE202',
55 verbose headers   vary: 'Accept-Encoding' }
56 silly get cb [ 404,
56 silly get   { 'content-type': 'application/json',
56 silly get     'cache-control': 'max-age=0',
56 silly get     'content-length': '2',
56 silly get     'accept-ranges': 'bytes',
56 silly get     date: 'Fri, 25 Aug 2017 22:56:17 GMT',
56 silly get     via: '1.1 varnish',
56 silly get     age: '0',
56 silly get     connection: 'keep-alive',
56 silly get     'x-served-by': 'cache-lax8640-LAX',
56 silly get     'x-cache': 'MISS',
56 silly get     'x-cache-hits': '0',
56 silly get     'x-timer': 'S1503701777.275960,VS0,VE202',
56 silly get     vary: 'Accept-Encoding' } ]
57 http 404 https://registry.npmjs.org/php-mbstring
58 verbose headers { 'content-type': 'application/json',
58 verbose headers   'cache-control': 'max-age=0',
58 verbose headers   'content-length': '2',
58 verbose headers   'accept-ranges': 'bytes',
58 verbose headers   date: 'Fri, 25 Aug 2017 22:56:17 GMT',
58 verbose headers   via: '1.1 varnish',
58 verbose headers   age: '0',
58 verbose headers   connection: 'keep-alive',
58 verbose headers   'x-served-by': 'cache-lax8647-LAX',
58 verbose headers   'x-cache': 'MISS',
58 verbose headers   'x-cache-hits': '0',
58 verbose headers   'x-timer': 'S1503701777.295395,VS0,VE233',
58 verbose headers   vary: 'Accept-Encoding' }
59 silly get cb [ 404,
59 silly get   { 'content-type': 'application/json',
59 silly get     'cache-control': 'max-age=0',
59 silly get     'content-length': '2',
59 silly get     'accept-ranges': 'bytes',
59 silly get     date: 'Fri, 25 Aug 2017 22:56:17 GMT',
59 silly get     via: '1.1 varnish',
59 silly get     age: '0',
59 silly get     connection: 'keep-alive',
59 silly get     'x-served-by': 'cache-lax8647-LAX',
59 silly get     'x-cache': 'MISS',
59 silly get     'x-cache-hits': '0',
59 silly get     'x-timer': 'S1503701777.295395,VS0,VE233',
59 silly get     vary: 'Accept-Encoding' } ]
60 http 404 https://registry.npmjs.org/phpmyadmin
61 verbose headers { 'content-type': 'application/json',
61 verbose headers   'cache-control': 'max-age=0',
61 verbose headers   'content-length': '2',
61 verbose headers   'accept-ranges': 'bytes',
61 verbose headers   date: 'Fri, 25 Aug 2017 22:56:17 GMT',
61 verbose headers   via: '1.1 varnish',
61 verbose headers   age: '0',
61 verbose headers   connection: 'keep-alive',
61 verbose headers   'x-served-by': 'cache-lax8639-LAX',
61 verbose headers   'x-cache': 'MISS',
61 verbose headers   'x-cache-hits': '0',
61 verbose headers   'x-timer': 'S1503701777.295390,VS0,VE233',
61 verbose headers   vary: 'Accept-Encoding' }
62 silly get cb [ 404,
62 silly get   { 'content-type': 'application/json',
62 silly get     'cache-control': 'max-age=0',
62 silly get     'content-length': '2',
62 silly get     'accept-ranges': 'bytes',
62 silly get     date: 'Fri, 25 Aug 2017 22:56:17 GMT',
62 silly get     via: '1.1 varnish',
62 silly get     age: '0',
62 silly get     connection: 'keep-alive',
62 silly get     'x-served-by': 'cache-lax8639-LAX',
62 silly get     'x-cache': 'MISS',
62 silly get     'x-cache-hits': '0',
62 silly get     'x-timer': 'S1503701777.295390,VS0,VE233',
62 silly get     vary: 'Accept-Encoding' } ]
63 verbose stack Error: Registry returned 404 for GET on https://registry.npmjs.org/php-gettext
63 verbose stack     at CachingRegistryClient.<anonymous> (C:\Program Files (x86)\nodejs\node_modules\npm\node_modules\npm-registry-client\lib\request.js:239:14)
63 verbose stack     at Request._callback (C:\Program Files (x86)\nodejs\node_modules\npm\node_modules\npm-registry-client\lib\request.js:170:14)
63 verbose stack     at Request.self.callback (C:\Program Files (x86)\nodejs\node_modules\npm\node_modules\request\request.js:344:22)
63 verbose stack     at Request.emit (events.js:110:17)
63 verbose stack     at Request.<anonymous> (C:\Program Files (x86)\nodejs\node_modules\npm\node_modules\request\request.js:1239:14)
63 verbose stack     at Request.emit (events.js:129:20)
63 verbose stack     at IncomingMessage.<anonymous> (C:\Program Files (x86)\nodejs\node_modules\npm\node_modules\request\request.js:1187:12)
63 verbose stack     at IncomingMessage.emit (events.js:129:20)
63 verbose stack     at _stream_readable.js:908:16
63 verbose stack     at process._tickCallback (node.js:355:11)
64 verbose statusCode 404
65 verbose pkgid php-gettext
66 verbose cwd C:\Apache\htdocs
67 error Windows_NT 6.3.9600
68 error argv "C:\\Program Files (x86)\\nodejs\\\\node.exe" "C:\\Program Files (x86)\\nodejs\\node_modules\\npm\\bin\\npm-cli.js" "install" "phpmyadmin" "php-mbstring" "php-gettext"
69 error node v0.12.2
70 error npm  v2.7.4
71 error code E404
72 error 404 Registry returned 404 for GET on https://registry.npmjs.org/php-gettext
72 error 404
72 error 404 'php-gettext' is not in the npm registry.
72 error 404 You should bug the author to publish it (or use the name yourself!)
72 error 404
72 error 404 Note that you can also install from a
72 error 404 tarball, folder, http url, or git url.
73 verbose exit [ 1, true ]
